Opening database: stores_demo
Preparing statement ...
Declaring Cursor ...
Opening Cursor ...
Fetching the next row ...
Fetching the next row ...
Fetching the next row ...
Fetching the next row ...
Fetching the next row ...
Fetching the next row ...
Fetching the next row ...
Fetching the next row ...
Fetching the next row ...
Fetching the next row ...
Fetching the next row ...
Fetching the next row ...
Fetching the next row ...
Fetching the next row ...
Fetching the next row ...
Fetching the next row ...
Fetching the next row ...
Fetching the next row ...
Fetching the next row ...
Fetching the next row ...
Fetching the next row ...
Fetching the next row ...
Fetching the next row ...
Fetching the next row ...
Counted 23 rows, fetched 23 rows 
Closing Cursor ...
Freeing Cursor ...
