
IBM Informix Dynamic Server Version 11.50.UC6     -- On-Line -- Up 2 days 04:14:00 -- 143772 Kbytes

session           effective                            #RSAM    total      used       dynamic 
id       user     user      tty      pid      hostname threads  memory     memory     explain 
182      informix -         3        399      ids1150s 1        57344      49840      off 

tid      name     rstcb    flags    curstk   status
605      sqlexec  4af10270 Y--P---  4472     cond wait  netnorm   -

Memory pools    count 1
name         class addr     totalsize freesize #allocfrag #freefrag 
182          V     4b9bb028 57344     7504     83         7         

name           free       used           name           free       used      
overhead       0          1680           scb            0          96        
opentable      0          1816           filetable      0          312       
log            0          16512          temprec        0          2144      
gentcb         0          1224           ostcb          0          2600      
sqscb          0          13992          sql            0          40        
rdahead        0          832            hashfiletab    0          280       
osenv          0          1800           sqtcb          0          6304      
fragman        0          208            

sqscb info
scb      sqscb    optofc   pdqpriority optcompind  directives
4bd15018 4bfc1018 0        0           2           1         

Sess       SQL            Current            Iso Lock       SQL  ISAM F.E. 
Id         Stmt type      Database           Lvl Mode       ERR  ERR  Vers  Explain    
182        -              stores_demo        CR  Not Wait   0    0    9.35  Off        

