

DBspace Usage Report: rootdbs             Owner: informix  Created: 11/07/2011


 Chunk Pathname                             Pagesize(k)  Size(p)  Used(p)  Free(p)
     1 /home/informix/local/local_root                2    50000    26962    23038

 Description                                                   Offset(p)  Size(p)
 ------------------------------------------------------------- -------- --------
 RESERVED PAGES                                                       0       12
 CHUNK FREELIST PAGE                                                 12        1
 rootdbs:'informix'.TBLSpace                                         13      250
 PHYSICAL LOG                                                       263     2000
 LOGICAL LOG: Log file 1                                           2263     2500
 LOGICAL LOG: Log file 2                                           4763     2500
 LOGICAL LOG: Log file 3                                           7263     2500
 LOGICAL LOG: Log file 4                                           9763     2500
 LOGICAL LOG: Log file 5                                          12263     2500
 LOGICAL LOG: Log file 6                                          14763     2500
 sysmaster:'informix'.sysdatabases                                17263        4
 system:'informix'.syslicenseinfo                                 17267       16
 sysmaster:'informix'.systables                                   17283        8
 sysmaster:'informix'.syscolumns                                  17291       24
 sysmaster:'informix'.sysindices                                  17315       32
 sysmaster:'informix'.systabauth                                  17347       16
 sysmaster:'informix'.syscolauth                                  17363        8
 sysmaster:'informix'.sysviews                                    17371        8
 sysmaster:'informix'.sysusers                                    17379        8
 sysmaster:'informix'.sysdepend                                   17387        8
 sysmaster:'informix'.syssynonyms                                 17395        8
 sysmaster:'informix'.syssyntable                                 17403        8
 sysmaster:'informix'.sysconstraints                              17411        8
 sysmaster:'informix'.sysreferences                               17419        8
 sysmaster:'informix'.syschecks                                   17427        8
 sysmaster:'informix'.sysdefaults                                 17435        8
 sysmaster:'informix'.syscoldepend                                17443        8
 sysmaster:'informix'.sysprocedures                               17451        8
 sysmaster:'informix'.sysprocbody                                 17459        8
 sysmaster:'informix'.sysprocplan                                 17467        8
 sysmaster:'informix'.sysprocauth                                 17475        8
 sysmaster:'informix'.sysblobs                                    17483        8
 sysmaster:'informix'.sysopclstr                                  17491        8
 sysmaster:'informix'.systriggers                                 17499        8
 sysmaster:'informix'.systrigbody                                 17507        8
 sysmaster:'informix'.sysdistrib                                  17515        8
 sysmaster:'informix'.sysfragments                                17523        8
 sysmaster:'informix'.sysfragauth                                 17531        8
 sysmaster:'informix'.sysxtdtypes                                 17539        8
 sysmaster:'informix'.sysxtddesc                                  17547        8
 sysmaster:'informix'.sysattrtypes                                17555        8
 sysmaster:'informix'.sysinherits                                 17563        8
 sysmaster:'informix'.syscolattribs                               17571        8
 sysmaster:'informix'.syslogmap                                   17579        8
 sysmaster:'informix'.syscasts                                    17587       24
 sysmaster:'informix'.sysxtdtypeauth                              17611        8
 sysmaster:'informix'.sysams                                      17619        8
 sysmaster:'informix'.systabamdata                                17627        8
 sysmaster:'informix'.sysopclasses                                17635        8
 sysmaster:'informix'.syserrors                                   17643        8
 sysmaster:'informix'.systraceclasses                             17651        8
 sysmaster:'informix'.systracemsgs                                17659        8
 sysmaster:'informix'.sysroutinelangs                             17667        8
 sysmaster:'informix'.syslangauth                                 17675        8
 sysmaster:'informix'.sysaggregates                               17683        8
 sysmaster:'informix'.sysroleauth                                 17691        8
 sysmaster:'informix'.sysobjstate                                 17699        8
 sysmaster:'informix'.sysviolations                               17707        8
 sysmaster:'informix'.syssequences                                17715        8
 sysmaster:'informix'.sysdirectives                               17723        8
 sysmaster:'informix'.sysxasourcetypes                            17731        8
 sysmaster:'informix'.sysxadatasources                            17739        8
 sysmaster:'informix'.sysseclabelcomponents                       17747        8
 sysmaster:'informix'.sysseclabelcomponentelements                17755        8
 sysmaster:'informix'.syssecpolicies                              17763        8
 sysmaster:'informix'.syssecpolicycomponents                      17771        8
 sysmaster:'informix'.syssecpolicyexemptions                      17779        8
 sysmaster:'informix'.sysseclabels                                17787        8
 sysmaster:'informix'.sysseclabelnames                            17795        8
 sysmaster:'informix'.sysseclabelauth                             17803        8
 sysmaster:'informix'.syssurrogateauth                            17811        8
 sysmaster:'informix'.sysproccolumns                              17819        8
 sysmaster:'informix'.sysexternal                                 17827        8
 sysmaster:'informix'.sysextdfiles                                17835        8
 sysmaster:'informix'.sysextcols                                  17843        8
 sysmaster:'informix'.systables                                   17851        8
 sysmaster:'informix'.sysprocbody                                 17859        8
 sysmaster:'informix'.sysprocedures                               17867        8
 sysmaster:'informix'.sysprocbody                                 17875       16
 sysmaster:'informix'.sysprocauth                                 17891        8
 sysmaster:'informix'.sysprocbody                                 17899        8
 sysmaster:'informix'.sysprocedures                               17907        8
 sysmaster:'informix'.sysprocbody                                 17915       24
 sysmaster:'informix'.sysproccolumns                              17939        8
 sysmaster:'informix'.sysprocedures                               17947        8
 sysmaster:'informix'.sysprocbody                                 17955       32
 sysmaster:'informix'.sysprocedures                               17987        8
 sysmaster:'informix'.sysprocbody                                 17995        8
 sysmaster:'informix'.sysprocauth                                 18003        8
 sysmaster:'informix'.sysprocbody                                 18011        8
 sysmaster:'informix'.sysprocedures                               18019        8
 sysmaster:'informix'.sysprocbody                                 18027       16
 sysmaster:'informix'.syscasts                                    18043        8
 sysmaster:'informix'.sysprocbody                                 18051       16
 sysmaster:'informix'.sysprocedures                               18067        8
 sysmaster:'informix'.sysprocbody                                 18075       16
 sysmaster:'informix'.sysproccolumns                              18091        8
 sysmaster:'informix'.sysprocauth                                 18099        8
 sysmaster:'informix'.sysprocbody                                 18107        8
 sysmaster:'informix'.sysprocedures                               18115        8
 sysmaster:'informix'.sysprocbody                                 18123       16
 sysmaster:'informix'.sysprocplan                                 18139        8
 sysmaster:'informix'.sysprocbody                                 18147       16
 sysmaster:'informix'.sysprocedures                               18163        8
 sysmaster:'informix'.sysprocbody                                 18171       24
 sysmaster:'informix'.sysproccolumns                              18195        8
 sysmaster:'informix'.sysprocbody                                 18203       56
 sysmaster:'informix'.sysprocplan                                 18259        8
 sysmaster:'informix'.sysprocedures                               18267        8
 sysmaster:'informix'.sysprocbody                                 18275       16
 sysmaster:'informix'.sysprocauth                                 18291        8
 sysmaster:'informix'.sysprocplan                                 18299        8
 sysmaster:'informix'.sysprocbody                                 18307       16
 sysmaster:'informix'.sysprocedures                               18323        8
 sysmaster:'informix'.sysprocbody                                 18331       16
 sysmaster:'informix'.sysproccolumns                              18347        8
 sysmaster:'informix'.sysprocbody                                 18355       16
 sysmaster:'informix'.sysprocedures                               18371        8
 sysmaster:'informix'.sysprocbody                                 18379       16
 sysmaster:'informix'.sysprocauth                                 18395        8
 sysmaster:'informix'.sysprocbody                                 18403       16
 sysmaster:'informix'.sysprocedures                               18419        8
 sysmaster:'informix'.syscolumns                                  18427       16
 sysmaster:'informix'.sysindices                                  18443        8
 sysmaster:'informix'.flags_text                                  18451        8
 sysmaster:'informix'.flags_text_ix1                              18459       12
 sysmaster:'informix'.flags_text                                  18471        8
 sysmaster:'informix'.flags_text_ix1                              18479       16
 sysmaster:'informix'.flags_text                                  18495        8
 sysmaster:'informix'.flags_text_ix1                              18503       16
 sysmaster:'informix'.flags_text                                  18519        8
 sysmaster:'informix'.flags_text_ix1                              18527        4
 sysmaster:'informix'.smi_build_status                            18531        8
 sysmaster:'informix'.logmessage                                  18539        8
 sysmaster:'informix'.sysprocbody                                 18547       16
 sysmaster:'informix'.systabauth                                  18563        8
 sysmaster:'informix'.syscolumns                                  18571        8
 sysmaster:'informix'.syscolauth                                  18579        8
 sysmaster:'informix'.sysviews                                    18587        8
 sysmaster:'informix'.syscolumns                                  18595        8
 sysmaster:'informix'.systables                                   18603        8
 sysutils:'informix'. 100_1                                       18611        4
 FREE                                                             18615        2
 sysmaster:'informix'.syscolumns                                  18617        8
 sysmaster:'informix'.sysaudit                                    18625        8
 sysmaster:'informix'.systabauth                                  18633        8
 sysmaster:'informix'.sysviews                                    18641        8
 sysutils:'informix'. 101_4                                       18649        4
 sysmaster:'informix'.syscolumns                                  18653        8
 sysmaster:'informix'.sysextspaces                                18661        8
 sysmaster:'informix'.sysprocplan                                 18669       16
 sysutils:'informix'.systables                                    18685        8
 sysutils:'informix'.syscolumns                                   18693        8
 sysutils:'informix'. 102_9                                       18701        4
 sysmaster:'informix'.sysindices                                  18705        8
 sysutils:'informix'.syscolumns                                   18713       16
 sysutils:'informix'.sysindices                                   18729       32
 sysutils:'informix'.systabauth                                   18761       16
 sysutils:'informix'.syscolauth                                   18777        8
 sysutils:'informix'.sysviews                                     18785        8
 sysutils:'informix'.sysusers                                     18793        8
 sysutils:'informix'.sysdepend                                    18801        8
 sysutils:'informix'.syssynonyms                                  18809        8
 sysutils:'informix'.syssyntable                                  18817        8
 sysutils:'informix'.sysconstraints                               18825        8
 sysutils:'informix'.sysreferences                                18833        8
 sysutils:'informix'.syschecks                                    18841        8
 sysutils:'informix'.sysdefaults                                  18849        8
 sysutils:'informix'.syscoldepend                                 18857        8
 sysutils:'informix'. 102_10                                      18865        4
 sysmaster:'informix'.syscolumns                                  18869        8
 sysutils:'informix'.sysprocedures                                18877        8
 sysutils:'informix'.sysprocbody                                  18885        8
 sysutils:'informix'.sysprocplan                                  18893        8
 sysutils:'informix'.sysprocauth                                  18901        8
 sysutils:'informix'.sysblobs                                     18909        8
 sysutils:'informix'.sysopclstr                                   18917        8
 sysmaster:'informix'.sysfragments                                18925        8
 sysutils:'informix'.systriggers                                  18933        8
 sysutils:'informix'.systrigbody                                  18941        8
 sysutils:'informix'.sysdistrib                                   18949        8
 sysutils:'informix'.sysfragments                                 18957        8
 sysutils:'informix'.sysfragauth                                  18965        8
 sysutils:'informix'.bar_act_idx                                  18973        4
 sysmaster:'informix'.systables                                   18977        8
 sysutils:'informix'.sysxtdtypes                                  18985        8
 sysutils:'informix'.sysxtddesc                                   18993        8
 sysutils:'informix'.sysattrtypes                                 19001        8
 sysutils:'informix'.sysinherits                                  19009        8
 sysutils:'informix'.syscolattribs                                19017        8
 sysutils:'informix'.syslogmap                                    19025        8
 sysutils:'informix'.syscasts                                     19033       24
 sysutils:'informix'.sysxtdtypeauth                               19057        8
 sysutils:'informix'.sysams                                       19065        8
 sysutils:'informix'.systabamdata                                 19073        8
 sysutils:'informix'.sysopclasses                                 19081        8
 sysutils:'informix'.syserrors                                    19089        8
 sysutils:'informix'.systraceclasses                              19097        8
 sysutils:'informix'.systracemsgs                                 19105        8
 FREE                                                             19113        2
 sysmaster:'informix'.syscolumns                                  19115        8
 sysutils:'informix'.sysroutinelangs                              19123        8
 sysutils:'informix'.syslangauth                                  19131        8
 sysutils:'informix'.sysaggregates                                19139        8
 sysutils:'informix'.sysroleauth                                  19147        8
 sysutils:'informix'.sysobjstate                                  19155        8
 sysutils:'informix'.sysviolations                                19163        8
 sysutils:'informix'.syssequences                                 19171        8
 sysutils:'informix'.sysdirectives                                19179        8
 sysmaster:'informix'.systabauth                                  19187        8
 sysutils:'informix'.sysxasourcetypes                             19195        8
 sysutils:'informix'.sysxadatasources                             19203        8
 sysutils:'informix'.sysseclabelcomponents                        19211        8
 sysutils:'informix'.sysseclabelcomponentelements                 19219        8
 sysutils:'informix'.syssecpolicies                               19227        8
 sysutils:'informix'. 103_14                                      19235        4
 sysmaster:'informix'.sysindices                                  19239        8
 sysutils:'informix'.syssecpolicycomponents                       19247        8
 sysutils:'informix'.syssecpolicyexemptions                       19255        8
 sysutils:'informix'.sysseclabels                                 19263        8
 sysutils:'informix'.sysseclabelnames                             19271        8
 sysutils:'informix'.sysseclabelauth                              19279        8
 sysutils:'informix'.syssurrogateauth                             19287        8
 sysutils:'informix'.sysproccolumns                               19295        8
 sysutils:'informix'.sysexternal                                  19303        8
 sysutils:'informix'.ins_aid_idx                                  19311        4
 sysmaster:'informix'.syscolumns                                  19315        8
 sysutils:'informix'.sysextdfiles                                 19323        8
 sysutils:'informix'.sysextcols                                   19331        8
 sysutils:'informix'.systables                                    19339        8
 sysutils:'informix'.sysprocbody                                  19347        8
 sysutils:'informix'.sysprocedures                                19355        8
 sysutils:'informix'.sysprocbody                                  19363       16
 sysutils:'informix'.sysprocauth                                  19379        8
 sysutils:'informix'.sysprocbody                                  19387        8
 sysutils:'informix'.sysprocedures                                19395        8
 sysutils:'informix'.sysprocbody                                  19403       24
 sysutils:'informix'.sysproccolumns                               19427        8
 sysutils:'informix'.sysprocedures                                19435        8
 sysutils:'informix'.sysprocbody                                  19443       16
 sysutils:'informix'.bar_inst_idx                                 19459        4
 sysmaster:'informix'.sysobjstate                                 19463        8
 sysutils:'informix'.sysprocbody                                  19471       16
 sysutils:'informix'.sysprocedures                                19487        8
 sysutils:'informix'.sysprocbody                                  19495        8
 sysutils:'informix'.sysprocauth                                  19503        8
 sysutils:'informix'.sysprocbody                                  19511        8
 sysutils:'informix'.sysprocedures                                19519        8
 sysutils:'informix'.sysprocbody                                  19527       16
 sysutils:'informix'.syscasts                                     19543        8
 sysutils:'informix'.sysprocbody                                  19551        8
 sysmaster:'informix'.systables                                   19559        8
 sysutils:'informix'.sysprocbody                                  19567        8
 sysmaster:'informix'.syscolumns                                  19575        8
 sysutils:'informix'.sysprocedures                                19583        8
 sysutils:'informix'.sysprocbody                                  19591       16
 sysutils:'informix'.sysproccolumns                               19607        8
 sysutils:'informix'.sysprocauth                                  19615        8
 sysutils:'informix'.sysprocbody                                  19623        8
 sysutils:'informix'.sysprocedures                                19631        8
 sysutils:'informix'.sysprocbody                                  19639       16
 sysutils:'informix'.sysprocplan                                  19655        8
 sysutils:'informix'.sysprocbody                                  19663       24
 sysutils:'informix'.sysprocedures                                19687        8
 sysutils:'informix'.sysprocbody                                  19695       16
 sysutils:'informix'.sysproccolumns                               19711        8
 sysutils:'informix'.sysprocplan                                  19719        8
 sysmaster:'informix'.syscolumns                                  19727        8
 sysutils:'informix'.bar_inst_idx2                                19735        4
 sysmaster:'informix'.sysfragments                                19739        8
 sysadmin:'informix'.ix_cmd_hist_01                               19747        4
 rootdbs:'informix'.TBLSpace                                      19751       50
 sysutils:'informix'.sysprocbody                                  19801       48
 sysutils:'informix'.sysprocedures                                19849        8
 sysutils:'informix'.sysprocbody                                  19857       16
 sysutils:'informix'.sysprocauth                                  19873        8
 sysutils:'informix'.sysprocbody                                  19881       16
 sysutils:'informix'.sysprocplan                                  19897        8
 sysutils:'informix'.sysprocbody                                  19905       16
 sysutils:'informix'.sysprocedures                                19921        8
 sysutils:'informix'.sysprocbody                                  19929       16
 sysutils:'informix'.sysproccolumns                               19945        8
 sysutils:'informix'.sysprocbody                                  19953       16
 sysutils:'informix'.sysprocedures                                19969        8
 sysutils:'informix'.sysprocbody                                  19977       16
 sysutils:'informix'.sysprocauth                                  19993        8
 sysutils:'informix'.sysprocedures                                20001        8
 sysutils:'informix'.sysprocbody                                  20009       16
 sysutils:'informix'.bar_server                                   20025        8
 sysutils:'informix'.bar_object                                   20033        8
 sysutils:'informix'.bar_obj_idx                                  20041        8
 sysutils:'informix'.bar_action                                   20049        8
 sysutils:'informix'.bar_instance                                 20057        8
 sysutils:'informix'.bar_ordertab                                 20065        8
 sysutils:'informix'.bar_orderseq                                 20073        8
 sysuser:'informix'.systables                                     20081        8
 sysuser:'informix'.syscolumns                                    20089       24
 sysuser:'informix'.sysindices                                    20113       32
 sysuser:'informix'.systabauth                                    20145       16
 sysuser:'informix'.syscolauth                                    20161        8
 sysuser:'informix'.sysviews                                      20169        8
 sysuser:'informix'.sysusers                                      20177        8
 sysuser:'informix'.sysdepend                                     20185        8
 sysuser:'informix'.syssynonyms                                   20193        8
 sysuser:'informix'.syssyntable                                   20201        8
 sysuser:'informix'.sysconstraints                                20209        8
 sysuser:'informix'.sysreferences                                 20217        8
 sysuser:'informix'.syschecks                                     20225        8
 sysuser:'informix'.sysdefaults                                   20233        8
 sysuser:'informix'.syscoldepend                                  20241        8
 sysuser:'informix'.sysprocedures                                 20249        8
 sysuser:'informix'.sysprocbody                                   20257        8
 sysuser:'informix'.sysprocplan                                   20265        8
 sysuser:'informix'.sysprocauth                                   20273        8
 sysuser:'informix'.sysblobs                                      20281        8
 sysuser:'informix'.sysopclstr                                    20289        8
 sysuser:'informix'.systriggers                                   20297        8
 sysuser:'informix'.systrigbody                                   20305        8
 sysuser:'informix'.sysdistrib                                    20313        8
 sysuser:'informix'.sysfragments                                  20321        8
 sysuser:'informix'.sysfragauth                                   20329        8
 sysuser:'informix'.sysxtdtypes                                   20337        8
 sysuser:'informix'.sysxtddesc                                    20345        8
 sysuser:'informix'.sysattrtypes                                  20353        8
 sysuser:'informix'.sysinherits                                   20361        8
 sysuser:'informix'.syscolattribs                                 20369        8
 sysuser:'informix'.syslogmap                                     20377        8
 sysuser:'informix'.syscasts                                      20385       24
 sysuser:'informix'.sysxtdtypeauth                                20409        8
 sysuser:'informix'.sysams                                        20417        8
 sysuser:'informix'.systabamdata                                  20425        8
 sysuser:'informix'.sysopclasses                                  20433        8
 sysuser:'informix'.syserrors                                     20441        8
 sysuser:'informix'.systraceclasses                               20449        8
 sysuser:'informix'.systracemsgs                                  20457        8
 sysuser:'informix'.sysroutinelangs                               20465        8
 sysuser:'informix'.syslangauth                                   20473        8
 sysuser:'informix'.sysaggregates                                 20481        8
 sysuser:'informix'.sysroleauth                                   20489        8
 sysuser:'informix'.sysobjstate                                   20497        8
 sysuser:'informix'.sysviolations                                 20505        8
 sysuser:'informix'.syssequences                                  20513        8
 sysuser:'informix'.sysdirectives                                 20521        8
 sysuser:'informix'.sysxasourcetypes                              20529        8
 sysuser:'informix'.sysxadatasources                              20537        8
 sysuser:'informix'.sysseclabelcomponents                         20545        8
 sysuser:'informix'.sysseclabelcomponentelements                  20553        8
 sysuser:'informix'.syssecpolicies                                20561        8
 sysuser:'informix'.syssecpolicycomponents                        20569        8
 sysuser:'informix'.syssecpolicyexemptions                        20577        8
 sysuser:'informix'.sysseclabels                                  20585        8
 sysuser:'informix'.sysseclabelnames                              20593        8
 sysuser:'informix'.sysseclabelauth                               20601        8
 sysuser:'informix'.syssurrogateauth                              20609        8
 sysuser:'informix'.sysproccolumns                                20617        8
 sysuser:'informix'.sysexternal                                   20625        8
 sysuser:'informix'.sysextdfiles                                  20633        8
 sysuser:'informix'.sysextcols                                    20641        8
 sysuser:'informix'.systables                                     20649        8
 sysuser:'informix'.sysprocbody                                   20657        8
 sysuser:'informix'.sysprocedures                                 20665        8
 sysuser:'informix'.sysprocbody                                   20673       16
 sysuser:'informix'.sysprocauth                                   20689        8
 sysuser:'informix'.sysprocbody                                   20697        8
 sysuser:'informix'.sysprocedures                                 20705        8
 sysuser:'informix'.sysprocbody                                   20713       24
 sysuser:'informix'.sysproccolumns                                20737        8
 sysuser:'informix'.sysprocedures                                 20745        8
 sysuser:'informix'.sysprocbody                                   20753       32
 sysuser:'informix'.sysprocedures                                 20785        8
 sysuser:'informix'.sysprocbody                                   20793        8
 sysuser:'informix'.sysprocauth                                   20801        8
 sysuser:'informix'.sysprocbody                                   20809        8
 sysuser:'informix'.sysprocedures                                 20817        8
 sysuser:'informix'.sysprocbody                                   20825       16
 sysuser:'informix'.syscasts                                      20841        8
 sysuser:'informix'.sysprocbody                                   20849       16
 sysuser:'informix'.sysprocedures                                 20865        8
 sysuser:'informix'.sysprocbody                                   20873       16
 sysuser:'informix'.sysproccolumns                                20889        8
 sysuser:'informix'.sysprocauth                                   20897        8
 sysuser:'informix'.sysprocbody                                   20905        8
 sysuser:'informix'.sysprocedures                                 20913        8
 sysuser:'informix'.sysprocbody                                   20921       16
 sysuser:'informix'.sysprocplan                                   20937        8
 sysuser:'informix'.sysprocbody                                   20945       16
 sysuser:'informix'.sysprocedures                                 20961        8
 sysuser:'informix'.sysprocbody                                   20969       24
 sysuser:'informix'.sysproccolumns                                20993        8
 sysuser:'informix'.sysprocbody                                   21001       56
 sysuser:'informix'.sysprocplan                                   21057        8
 sysuser:'informix'.sysprocedures                                 21065        8
 sysuser:'informix'.sysprocbody                                   21073       16
 sysuser:'informix'.sysprocauth                                   21089        8
 sysuser:'informix'.sysprocplan                                   21097        8
 sysuser:'informix'.sysprocbody                                   21105       16
 sysuser:'informix'.sysprocedures                                 21121        8
 sysuser:'informix'.sysprocbody                                   21129       16
 sysuser:'informix'.sysproccolumns                                21145        8
 sysuser:'informix'.sysprocbody                                   21153       16
 sysuser:'informix'.sysprocedures                                 21169        8
 sysuser:'informix'.sysprocbody                                   21177       16
 sysuser:'informix'.sysprocauth                                   21193        8
 sysuser:'informix'.sysprocbody                                   21201       16
 sysuser:'informix'.sysprocedures                                 21217        8
 sysuser:'informix'.sysauth                                       21225        8
 sysuser:'informix'.sysdbsecadmauth                               21233        8
 sysadmin:'informix'.systables                                    21241        8
 sysadmin:'informix'.syscolumns                                   21249       24
 sysadmin:'informix'.sysindices                                   21273       32
 sysadmin:'informix'.systabauth                                   21305       16
 sysadmin:'informix'.syscolauth                                   21321        8
 sysadmin:'informix'.sysviews                                     21329        8
 sysadmin:'informix'.sysusers                                     21337        8
 sysadmin:'informix'.sysdepend                                    21345        8
 sysadmin:'informix'.syssynonyms                                  21353        8
 sysadmin:'informix'.syssyntable                                  21361        8
 sysadmin:'informix'.sysconstraints                               21369        8
 sysadmin:'informix'.sysreferences                                21377        8
 sysadmin:'informix'.syschecks                                    21385        8
 sysadmin:'informix'.sysdefaults                                  21393        8
 sysadmin:'informix'.syscoldepend                                 21401        8
 sysadmin:'informix'.sysprocedures                                21409        8
 sysadmin:'informix'.sysprocbody                                  21417        8
 sysadmin:'informix'.sysprocplan                                  21425        8
 sysadmin:'informix'.sysprocauth                                  21433        8
 sysadmin:'informix'.sysblobs                                     21441        8
 sysadmin:'informix'.sysopclstr                                   21449        8
 sysadmin:'informix'.systriggers                                  21457        8
 sysadmin:'informix'.systrigbody                                  21465        8
 sysadmin:'informix'.sysdistrib                                   21473        8
 sysadmin:'informix'.sysfragments                                 21481        8
 sysadmin:'informix'.sysfragauth                                  21489        8
 sysadmin:'informix'.sysxtdtypes                                  21497        8
 sysadmin:'informix'.sysxtddesc                                   21505        8
 sysadmin:'informix'.sysattrtypes                                 21513        8
 sysadmin:'informix'.sysinherits                                  21521        8
 sysadmin:'informix'.syscolattribs                                21529        8
 sysadmin:'informix'.syslogmap                                    21537        8
 sysadmin:'informix'.syscasts                                     21545       24
 sysadmin:'informix'.sysxtdtypeauth                               21569        8
 sysadmin:'informix'.sysams                                       21577        8
 sysadmin:'informix'.systabamdata                                 21585        8
 sysadmin:'informix'.sysopclasses                                 21593        8
 sysadmin:'informix'.syserrors                                    21601        8
 sysadmin:'informix'.systraceclasses                              21609        8
 sysadmin:'informix'.systracemsgs                                 21617        8
 sysadmin:'informix'.sysroutinelangs                              21625        8
 sysadmin:'informix'.syslangauth                                  21633        8
 sysadmin:'informix'.sysaggregates                                21641        8
 sysadmin:'informix'.sysroleauth                                  21649        8
 sysadmin:'informix'.sysobjstate                                  21657        8
 sysadmin:'informix'.sysviolations                                21665        8
 sysadmin:'informix'.syssequences                                 21673        8
 sysadmin:'informix'.sysdirectives                                21681        8
 sysadmin:'informix'.sysxasourcetypes                             21689        8
 sysadmin:'informix'.sysxadatasources                             21697        8
 sysadmin:'informix'.sysseclabelcomponents                        21705        8
 sysadmin:'informix'.sysseclabelcomponentelements                 21713        8
 sysadmin:'informix'.syssecpolicies                               21721        8
 sysadmin:'informix'.syssecpolicycomponents                       21729        8
 sysadmin:'informix'.syssecpolicyexemptions                       21737        8
 sysadmin:'informix'.sysseclabels                                 21745        8
 sysadmin:'informix'.sysseclabelnames                             21753        8
 sysadmin:'informix'.sysseclabelauth                              21761        8
 sysadmin:'informix'.syssurrogateauth                             21769        8
 sysadmin:'informix'.sysproccolumns                               21777        8
 sysadmin:'informix'.sysexternal                                  21785        8
 sysadmin:'informix'.sysextdfiles                                 21793        8
 sysadmin:'informix'.sysextcols                                   21801        8
 sysadmin:'informix'.systables                                    21809        8
 sysadmin:'informix'.sysprocbody                                  21817        8
 sysadmin:'informix'.sysprocedures                                21825        8
 sysadmin:'informix'.sysprocbody                                  21833       16
 sysadmin:'informix'.sysprocauth                                  21849        8
 sysadmin:'informix'.sysprocbody                                  21857        8
 sysadmin:'informix'.sysprocedures                                21865        8
 sysadmin:'informix'.sysprocbody                                  21873       24
 sysadmin:'informix'.sysproccolumns                               21897        8
 sysadmin:'informix'.sysprocedures                                21905        8
 sysadmin:'informix'.sysprocbody                                  21913       32
 sysadmin:'informix'.sysprocedures                                21945        8
 sysadmin:'informix'.sysprocbody                                  21953        8
 sysadmin:'informix'.sysprocauth                                  21961        8
 sysadmin:'informix'.sysprocbody                                  21969        8
 sysadmin:'informix'.sysprocedures                                21977        8
 sysadmin:'informix'.sysprocbody                                  21985       16
 sysadmin:'informix'.syscasts                                     22001        8
 sysadmin:'informix'.sysprocbody                                  22009       16
 sysadmin:'informix'.sysprocedures                                22025        8
 sysadmin:'informix'.sysprocbody                                  22033       16
 sysadmin:'informix'.sysproccolumns                               22049        8
 sysadmin:'informix'.sysprocauth                                  22057        8
 sysadmin:'informix'.sysprocbody                                  22065        8
 sysadmin:'informix'.sysprocedures                                22073        8
 sysadmin:'informix'.sysprocbody                                  22081       16
 sysadmin:'informix'.sysprocplan                                  22097        8
 sysadmin:'informix'.sysprocbody                                  22105       16
 sysadmin:'informix'.sysprocedures                                22121        8
 sysadmin:'informix'.sysprocbody                                  22129       24
 sysadmin:'informix'.sysproccolumns                               22153        8
 sysadmin:'informix'.sysprocbody                                  22161       56
 sysadmin:'informix'.sysprocplan                                  22217        8
 sysadmin:'informix'.sysprocedures                                22225        8
 sysadmin:'informix'.sysprocbody                                  22233       16
 sysadmin:'informix'.sysprocauth                                  22249        8
 sysadmin:'informix'.sysprocplan                                  22257        8
 sysadmin:'informix'.sysprocbody                                  22265       16
 sysadmin:'informix'.sysprocedures                                22281        8
 sysadmin:'informix'.sysprocbody                                  22289       16
 sysadmin:'informix'.sysproccolumns                               22305        8
 sysadmin:'informix'.sysprocbody                                  22313       16
 sysadmin:'informix'.sysprocedures                                22329        8
 sysadmin:'informix'.sysprocbody                                  22337       16
 sysadmin:'informix'.sysprocauth                                  22353        8
 sysadmin:'informix'.sysprocbody                                  22361       16
 sysadmin:'informix'.sysprocedures                                22377        8
 sysadmin:'informix'.sysprocbody                                  22385       32
 sysadmin:'informix'.sysprocedures                                22417        8
 sysadmin:'informix'.sysprocbody                                  22425       16
 sysadmin:'informix'.command_history                              22441        8
 sysadmin:'informix'.ix_cmd_hist_02                               22449        4
 sysadmin:'informix'.ph_group                                     22453        8
 sysadmin:'informix'.ix_ph_group_01                               22461        4
 sysadmin:'informix'.ix_ph_group_02                               22465        4
 sysadmin:'informix'.ph_task                                      22469        8
 sysadmin:'informix'. 102_4                                       22477        4
 sysadmin:'informix'.ix_ph_task_01                                22481        4
 sysadmin:'informix'.ix_ph_task_02                                22485        4
 sysadmin:'informix'.ix_ph_task_03                                22489        4
 sysadmin:'informix'.ph_run                                       22493        8
 sysadmin:'informix'.ix_ph_run_01                                 22501        4
 sysadmin:'informix'.ix_ph_run_02                                 22505        4
 sysadmin:'informix'.ix_ph_run_03                                 22509        4
 sysadmin:'informix'.ph_alert                                     22513        8
 sysadmin:'informix'.ix_ph_alert_01                               22521        4
 sysadmin:'informix'.ix_ph_alert_02                               22525        4
 sysadmin:'informix'.ph_threshold                                 22529        8
 sysadmin:'informix'.syschecks                                    22537        8
 sysadmin:'informix'.ix_ph_threshold_01                           22545        4
 rootdbs:'informix'.TBLSpace                                      22549       50
 sysadmin:'informix'.ix_ph_threshold_02                           22599        4
 sysadmin:'informix'.ph_bg_jobs                                   22603        8
 sysadmin:'informix'.ph_bg_jobs_ix1                               22611        4
 sysadmin:'informix'.ph_bg_jobs_ix2                               22615        4
 sysadmin:'informix'.ph_bg_jobs_ix3                               22619        4
 sysadmin:'informix'.ph_bg_jobs_results                           22623        8
 sysadmin:'informix'.syscolumns                                   22631        8
 sysadmin:'informix'.ph_bg_jobs_results_ix1                       22639        4
 sysadmin:'informix'.ph_bg_jobs_results_ix2                       22643        4
 sysadmin:'informix'.ph_bg_jobs_seq                               22647        8
 sysadmin:'informix'.ph_version                                   22655        8
 sysadmin:'informix'.ph_version_ix1                               22663        8
 sysadmin:'informix'.sysproccolumns                               22671        8
 sysadmin:'informix'.sysprocbody                                  22679       32
 sysadmin:'informix'.sysprocplan                                  22711        8
 sysadmin:'informix'.ph_task                                      22719        8
 sysadmin:'informix'.sysprocplan                                  22727        8
 sysadmin:'informix'.sysprocbody                                  22735       16
 sysadmin:'informix'.sysprocedures                                22751        8
 sysadmin:'informix'.sysprocbody                                  22759       16
 sysadmin:'informix'.sysprocplan                                  22775        8
 sysadmin:'informix'.sysprocbody                                  22783       64
 sysadmin:'informix'.sysprocauth                                  22847        8
 sysadmin:'informix'.sysprocbody                                  22855       16
 sysadmin:'informix'.sysprocplan                                  22871        8
 sysadmin:'informix'.sysprocbody                                  22879       32
 sysadmin:'informix'.sysprocplan                                  22911        8
 sysadmin:'informix'.mon_config                                   22919        8
 sysadmin:'informix'.mon_table_names                              22927        8
 sysadmin:'informix'.mon_table_names_idx1                         22935        4
 sysadmin:'informix'.sysindices                                   22939        8
 sysadmin:'informix'.mon_users                                    22947        8
 sysadmin:'informix'.mon_table_names                              22955        8
 sysadmin:'informix'.mon_table_profile                            22963       16
 sysadmin:'informix'.mon_memory_system                            22979        8
 sysadmin:'informix'.mon_checkpoint                               22987        8
 sysadmin:'informix'.idx_mon_ckpt_1                               22995        4
 sysadmin:'informix'.mon_vps                                      22999        8
 sysadmin:'informix'.mon_prof                                     23007        8
 sysadmin:'informix'.mon_prof_idx1                                23015        6
 sysadmin:'informix'.mon_sysenv                                   23021        8
 sysadmin:'informix'.mon_table_names_idx1                         23029        4
 sysadmin:'informix'.aus_cmd_info                                 23033        8
 sysadmin:'informix'.aus_cmd_info_index1                          23041        4
 sysadmin:'informix'.mon_table_profile_sys_ix1                    23045        4
 sysadmin:'informix'.sysdefaults                                  23049        8
 sysadmin:'informix'.aus_cmd_info_index2                          23057        6
 sysadmin:'informix'.aus_command                                  23063        8
 sysadmin:'informix'.aus_command_ix1                              23071        4
 sysadmin:'informix'.aus_command_ix2                              23075        8
 sysadmin:'informix'.sysdistrib                                   23083        8
 sysadmin:'informix'.mon_prof_idx1                                23091        6
 FREE                                                             23097        2
 sysadmin:'informix'.mon_table_profile_sys_ix1                    23099        4
 sysuser:'informix'.sysdistrib                                    23103        8
 sysadmin:'informix'.mon_table_profile                            23111        8
 sysadmin:'informix'.aus_command_ix1                              23119        4
 stores_demo:'informix'. 100_1                                    23123        4
 sysadmin:'informix'.mon_table_profile_sys_ix1                    23127        4
 sysutils:'informix'.sysdistrib                                   23131        8
 sysadmin:'informix'.sysobjstate                                  23139        8
 sysadmin:'informix'.sysprocplan                                  23147        8
 stores_demo:'informix'. 102_3                                    23155        4
 sysadmin:'informix'.mon_prof_idx1                                23159        6
 FREE                                                             23165        2
 sysadmin:'informix'.sysprocplan                                  23167        8
 sysadmin:'informix'.mon_table_profile                            23175       16
 sysadmin:'informix'.mon_checkpoint                               23191        8
 sysadmin:'informix'.mon_prof_idx1                                23199        6
 FREE                                                             23205        2
 sysadmin:'informix'.aus_command_ix1                              23207        4
 sysadmin:'informix'.aus_command_ix2                              23211        4
 sysadmin:'informix'.mon_table_profile                            23215       16
 sysadmin:'informix'.sysdistrib                                   23231        8
 sysuser:'informix'.sysdistrib                                    23239        8
 sysadmin:'informix'.sysdistrib                                   23247        8
 sysutils:'informix'.sysdistrib                                   23255        8
 sysadmin:'informix'.sysdistrib                                   23263       16
 sysutils:'informix'.sysdistrib                                   23279        8
 sysuser:'informix'.sysdistrib                                    23287        8
 sysadmin:'informix'.sysdistrib                                   23295        8
 sysutils:'informix'.sysdistrib                                   23303       16
 sysadmin:'informix'.sysdistrib                                   23319       88
 sysutils:'informix'.sysdistrib                                   23407        8
 sysuser:'informix'.sysdistrib                                    23415       88
 sysutils:'informix'.sysdistrib                                   23503       72
 sysadmin:'informix'.sysdistrib                                   23575        8
 stores_demo:'informix'.systables                                 23583        8
 stores_demo:'informix'.syscolumns                                23591       24
 stores_demo:'informix'.sysindices                                23615       32
 stores_demo:'informix'.systabauth                                23647       16
 stores_demo:'informix'.syscolauth                                23663        8
 stores_demo:'informix'.sysviews                                  23671        8
 stores_demo:'informix'.sysusers                                  23679        8
 stores_demo:'informix'.sysdepend                                 23687        8
 stores_demo:'informix'.syssynonyms                               23695        8
 stores_demo:'informix'.syssyntable                               23703        8
 stores_demo:'informix'.sysconstraints                            23711        8
 stores_demo:'informix'.sysreferences                             23719        8
 stores_demo:'informix'.syschecks                                 23727        8
 stores_demo:'informix'.sysdefaults                               23735        8
 stores_demo:'informix'.syscoldepend                              23743        8
 stores_demo:'informix'.sysprocedures                             23751        8
 stores_demo:'informix'.sysprocbody                               23759        8
 stores_demo:'informix'.sysprocplan                               23767        8
 stores_demo:'informix'.sysprocauth                               23775        8
 stores_demo:'informix'.sysblobs                                  23783        8
 rootdbs:'informix'.TBLSpace                                      23791       50
 stores_demo:'informix'.sysopclstr                                23841        8
 stores_demo:'informix'.systriggers                               23849        8
 stores_demo:'informix'.systrigbody                               23857        8
 stores_demo:'informix'.sysdistrib                                23865        8
 stores_demo:'informix'.sysfragments                              23873        8
 stores_demo:'informix'.sysfragauth                               23881        8
 stores_demo:'informix'.sysxtdtypes                               23889        8
 stores_demo:'informix'.sysxtddesc                                23897        8
 stores_demo:'informix'.sysattrtypes                              23905        8
 stores_demo:'informix'.sysinherits                               23913        8
 stores_demo:'informix'.syscolattribs                             23921        8
 stores_demo:'informix'.syslogmap                                 23929        8
 stores_demo:'informix'.syscasts                                  23937       24
 stores_demo:'informix'.sysxtdtypeauth                            23961        8
 stores_demo:'informix'.sysams                                    23969        8
 stores_demo:'informix'.systabamdata                              23977        8
 stores_demo:'informix'.sysopclasses                              23985        8
 stores_demo:'informix'.syserrors                                 23993        8
 stores_demo:'informix'.systraceclasses                           24001        8
 stores_demo:'informix'.systracemsgs                              24009        8
 stores_demo:'informix'.sysroutinelangs                           24017        8
 stores_demo:'informix'.syslangauth                               24025        8
 stores_demo:'informix'.sysaggregates                             24033        8
 stores_demo:'informix'.sysroleauth                               24041        8
 stores_demo:'informix'.sysobjstate                               24049        8
 stores_demo:'informix'.sysviolations                             24057        8
 stores_demo:'informix'.syssequences                              24065        8
 stores_demo:'informix'.sysdirectives                             24073        8
 stores_demo:'informix'.sysxasourcetypes                          24081        8
 stores_demo:'informix'.sysxadatasources                          24089        8
 stores_demo:'informix'.sysseclabelcomponents                     24097        8
 stores_demo:'informix'.sysseclabelcomponentelements              24105        8
 stores_demo:'informix'.syssecpolicies                            24113        8
 stores_demo:'informix'.syssecpolicycomponents                    24121        8
 stores_demo:'informix'.syssecpolicyexemptions                    24129        8
 stores_demo:'informix'.sysseclabels                              24137        8
 stores_demo:'informix'.sysseclabelnames                          24145        8
 stores_demo:'informix'.sysseclabelauth                           24153        8
 stores_demo:'informix'.syssurrogateauth                          24161        8
 stores_demo:'informix'.sysproccolumns                            24169        8
 stores_demo:'informix'.sysexternal                               24177        8
 stores_demo:'informix'.sysextdfiles                              24185        8
 stores_demo:'informix'.sysextcols                                24193        8
 stores_demo:'informix'.systables                                 24201        8
 stores_demo:'informix'.sysprocbody                               24209        8
 stores_demo:'informix'.sysprocedures                             24217        8
 stores_demo:'informix'.sysprocbody                               24225       16
 stores_demo:'informix'.sysprocauth                               24241        8
 stores_demo:'informix'.sysprocbody                               24249        8
 stores_demo:'informix'.sysprocedures                             24257        8
 stores_demo:'informix'.sysprocbody                               24265       24
 stores_demo:'informix'.sysproccolumns                            24289        8
 stores_demo:'informix'.sysprocedures                             24297        8
 stores_demo:'informix'.sysprocbody                               24305       32
 stores_demo:'informix'.sysprocedures                             24337        8
 stores_demo:'informix'.sysprocbody                               24345        8
 stores_demo:'informix'.sysprocauth                               24353        8
 stores_demo:'informix'.sysprocbody                               24361        8
 stores_demo:'informix'.sysprocedures                             24369        8
 stores_demo:'informix'.sysprocbody                               24377       16
 stores_demo:'informix'.syscasts                                  24393        8
 stores_demo:'informix'.sysprocbody                               24401       16
 stores_demo:'informix'.sysprocedures                             24417        8
 stores_demo:'informix'.sysprocbody                               24425       16
 stores_demo:'informix'.sysproccolumns                            24441        8
 stores_demo:'informix'.sysprocauth                               24449        8
 stores_demo:'informix'.sysprocbody                               24457        8
 stores_demo:'informix'.sysprocedures                             24465        8
 stores_demo:'informix'.sysprocbody                               24473       16
 stores_demo:'informix'.sysprocplan                               24489        8
 stores_demo:'informix'.sysprocbody                               24497       16
 stores_demo:'informix'.sysprocedures                             24513        8
 stores_demo:'informix'.sysprocbody                               24521       24
 stores_demo:'informix'.sysproccolumns                            24545        8
 stores_demo:'informix'.sysprocbody                               24553       56
 stores_demo:'informix'.sysprocplan                               24609        8
 stores_demo:'informix'.sysprocedures                             24617        8
 stores_demo:'informix'.sysprocbody                               24625       16
 stores_demo:'informix'.sysprocauth                               24641        8
 stores_demo:'informix'.sysprocplan                               24649        8
 stores_demo:'informix'.sysprocbody                               24657       16
 stores_demo:'informix'.sysprocedures                             24673        8
 stores_demo:'informix'.sysprocbody                               24681       16
 stores_demo:'informix'.sysproccolumns                            24697        8
 stores_demo:'informix'.sysprocbody                               24705       16
 stores_demo:'informix'.sysprocedures                             24721        8
 stores_demo:'informix'.sysprocbody                               24729       16
 stores_demo:'informix'.sysprocauth                               24745        8
 stores_demo:'informix'.sysprocbody                               24753       16
 stores_demo:'informix'.sysprocedures                             24769        8
 stores_demo:'informix'.customer                                  24777        8
 stores_demo:'informix'.ext_customer                              24785        8
 stores_demo:'informix'.orders                                    24793        8
 stores_demo:'informix'. 102_4                                    24801        4
 stores_demo:'informix'.manufact                                  24805        8
 rootdbs:'informix'.TBLSpace                                      24813       50
 stores_demo:'informix'. 103_7                                    24863        4
 stores_demo:'informix'.stock                                     24867        8
 stores_demo:'informix'. 104_8                                    24875        4
 stores_demo:'informix'. 104_9                                    24879        4
 stores_demo:'informix'.items                                     24883        8
 stores_demo:'informix'. 105_10                                   24891        6
 stores_demo:'informix'. 105_11                                   24897        4
 stores_demo:'informix'. 105_12                                   24901        4
 stores_demo:'informix'.state                                     24905        8
 stores_demo:'informix'. 106_16                                   24913        5
 stores_demo:'informix'.call_type                                 24918        8
 stores_demo:'informix'. 107_17                                   24926        4
 stores_demo:'informix'.cust_calls                                24930        8
 stores_demo:'informix'. 108_18                                   24938        4
 stores_demo:'informix'. 108_19                                   24942        4
 stores_demo:'informix'. 108_20                                   24946        4
 stores_demo:'informix'.zip_ix                                    24950        4
 stores_demo:'informix'.catalog                                   24954        8
 stores_demo:'informix'. 109_21                                   24962        4
 stores_demo:'informix'. 109_22                                   24966        4
 stores_demo:'informix'.catalog                                   24970        8
 stores_demo:'informix'.tab                                       24978        8
 stores_demo:'informix'.warehouses                                24986        8
 stores_demo:'informix'.classes                                   24994        8
 stores_demo:'informix'.employee                                  25002        8
 sysadmin:'informix'.mon_prof_idx1                                25010        6
 stores_demo:'informix'.customer1                                 25016        8
 stores_demo:'informix'. 114_26                                   25024        4
 stores_demo:'informix'.zip1_ix                                   25028        4
 stores_demo:'informix'.name1_ix                                  25032        4
 stores_demo:'informix'.customer2                                 25036       16
 stores_demo:'informix'.sysindices                                25052        8
 stores_demo:'informix'. 115_28                                   25060        4
 stores_demo:'informix'.name1_ix                                  25064        4
 stores_demo:'informix'.customer1                                 25068        8
 stores_demo:'informix'.name1_ix                                  25076        4
 stores_demo:'informix'.customer1                                 25080        8
 stores_demo:'informix'.zip1_ix                                   25088        4
 stores_demo:'informix'. 114_26                                   25092        4
 stores_demo:'informix'.customer1                                 25096        8
 stores_demo:'informix'.name1_ix                                  25104        4
 stores_demo:'informix'.customer1                                 25108       16
 stores_demo:'informix'.name1_ix                                  25124        4
 stores_demo:'informix'.zip1_ix                                   25128        4
 stores_demo:'informix'.customer1                                 25132        8
 stores_demo:'informix'.name1_ix                                  25140        4
 stores_demo:'informix'.customer1                                 25144       16
 stores_demo:'informix'. 114_26                                   25160        4
 stores_demo:'informix'.customer1                                 25164        8
 stores_demo:'informix'.name1_ix                                  25172        4
 stores_demo:'informix'.customer1                                 25176        8
 stores_demo:'informix'.zip1_ix                                   25184        4
 stores_demo:'informix'.name1_ix                                  25188        4
 stores_demo:'informix'.customer1                                 25192        8
 stores_demo:'informix'.name1_ix                                  25200        4
 stores_demo:'informix'.customer1                                 25204       16
 stores_demo:'informix'. 114_26                                   25220        4
 stores_demo:'informix'.customer1                                 25224        8
 stores_demo:'informix'.name1_ix                                  25232        4
 stores_demo:'informix'.customer1                                 25236       16
 stores_demo:'informix'.name1_ix                                  25252        4
 stores_demo:'informix'.zip1_ix                                   25256        4
 stores_demo:'informix'.customer1                                 25260        8
 stores_demo:'informix'.name1_ix                                  25268        4
 stores_demo:'informix'.customer1                                 25272       16
 stores_demo:'informix'.name1_ix                                  25288        4
 stores_demo:'informix'. 114_26                                   25292        4
 stores_demo:'informix'.customer1                                 25296        8
 stores_demo:'informix'.name1_ix                                  25304        4
 stores_demo:'informix'.customer1                                 25308       16
 stores_demo:'informix'.name1_ix                                  25324        4
 stores_demo:'informix'.customer1                                 25328       16
 stores_demo:'informix'.name1_ix                                  25344        4
 stores_demo:'informix'. 114_26                                   25348        4
 stores_demo:'informix'.customer1                                 25352       16
 stores_demo:'informix'.name1_ix                                  25368        8
 stores_demo:'informix'.customer1                                 25376       32
 stores_demo:'informix'.name1_ix                                  25408        8
 stores_demo:'informix'. 114_26                                   25416        4
 stores_demo:'informix'.customer1                                 25420       16
 stores_demo:'informix'.zip1_ix                                   25436        4
 stores_demo:'informix'.customer1                                 25440       32
 stores_demo:'informix'. 114_26                                   25472        4
 stores_demo:'informix'.name1_ix                                  25476        8
 stores_demo:'informix'.customer1                                 25484       32
 stores_demo:'informix'.name1_ix                                  25516        8
 stores_demo:'informix'.customer1                                 25524       16
 stores_demo:'informix'.customer2                                 25540      464
 stores_demo:'informix'. 115_28                                   26004        4
 sysadmin:'informix'.mon_prof                                     26008       16
 stores_demo:'informix'.syscolumns                                26024        8
 sysadmin:'informix'.mon_checkpoint                               26032        8
 sysadmin:'informix'.aus_command                                  26040       16
 stores_demo:'informix'. 115_28                                   26056        4
 sysadmin:'informix'.ph_alert                                     26060        8
 sysadmin:'informix'.aus_command                                  26068       24
 stores_demo:'informix'.sysdistrib                                26092        8
 sysadmin:'informix'.mon_prof                                     26100        8
 stores_demo:'informix'.customer2                                 26108        8
 sysadmin:'informix'.aus_command                                  26116       16
 stores_demo:'informix'. 115_28                                   26132        4
 sysadmin:'informix'.aus_command                                  26136       32
 stores_demo:'informix'.customer2                                 26168      504
 stores_demo:'informix'. 115_28                                   26672       88
 stores_demo:'informix'.zip2_ix                                   26760       84
 stores_demo:'informix'.name2_ix                                  26844      120
 sysadmin:'informix'.mon_prof                                     26964        8
 FREE                                                             26972    23028

 Total Used:    26962
 Total Free:    23038



DBspace Usage Report: dbspace1            Owner: informix  Created: 11/07/2011


 Chunk Pathname                             Pagesize(k)  Size(p)  Used(p)  Free(p)
     2 /home/informix/local/chunk1                    2    50000      245    49755

 Description                                                   Offset(p)  Size(p)
 ------------------------------------------------------------- -------- --------
 RESERVED PAGES                                                       0        2
 CHUNK FREELIST PAGE                                                  2        1
 dbspace1:'informix'.TBLSpace                                         3       50
 stores_demo:'informix'.customer3                                    53      192
 FREE                                                               245    49755

 Total Used:      245
 Total Free:    49755



DBspace Usage Report: dbspace2            Owner: informix  Created: 11/07/2011


 Chunk Pathname                             Pagesize(k)  Size(p)  Used(p)  Free(p)
     3 /home/informix/local/chunk2                    2    50000      245    49755

 Description                                                   Offset(p)  Size(p)
 ------------------------------------------------------------- -------- --------
 RESERVED PAGES                                                       0        2
 CHUNK FREELIST PAGE                                                  2        1
 dbspace2:'informix'.TBLSpace                                         3       50
 stores_demo:'informix'.customer3                                    53      192
 FREE                                                               245    49755

 Total Used:      245
 Total Free:    49755



DBspace Usage Report: dbspace3            Owner: informix  Created: 11/07/2011


 Chunk Pathname                             Pagesize(k)  Size(p)  Used(p)  Free(p)
     4 /home/informix/local/chunk3                    2    50000      104    49896

 Description                                                   Offset(p)  Size(p)
 ------------------------------------------------------------- -------- --------
 RESERVED PAGES                                                       0        2
 CHUNK FREELIST PAGE                                                  2        1
 dbspace3:'informix'.TBLSpace                                         3       50
 stores_demo:'informix'.cust_num3_ix                                 53       12
 stores_demo:'informix'.zip3_ix                                      65       10
 stores_demo:'informix'.name3_ix                                     75       29
 FREE                                                               104    49896

 Total Used:      104
 Total Free:    49896

